CRITICAL - 2020-09-28 12:48:43 --> syntax error, unexpected ''confirmpassword'' (T_CONSTANT_ENCAPSED_STRING), expecting ']'
#0 C:\xampp\htdocs\cisunmoontechtest\system\Autoloader\Autoloader.php(296): CodeIgniter\Autoloader\Autoloader->requireFile('C:\\xampp\\htdocs...')
#1 C:\xampp\htdocs\cisunmoontechtest\system\Autoloader\Autoloader.php(258): CodeIgniter\Autoloader\Autoloader->loadInNamespace('App\\Controllers...')
#2 [internal function]: CodeIgniter\Autoloader\Autoloader->loadClass('App\\Controllers...')
#3 [internal function]: spl_autoload_call('App\\Controllers...')
#4 C:\xampp\htdocs\cisunmoontechtest\system\CodeIgniter.php(869): class_exists('\\App\\Controller...', true)
#5 C:\xampp\htdocs\cisunmoontechtest\system\CodeIgniter.php(394): CodeIgniter\CodeIgniter->startController()
#6 C:\xampp\htdocs\cisunmoontechtest\system\CodeIgniter.php(312): CodeIgniter\CodeIgniter->handleRequest(NULL, Object(Config\Cache), false)
#7 C:\xampp\htdocs\cisunmoontechtest\public\index.php(45): CodeIgniter\CodeIgniter->run()
#8 {main}
CRITICAL - 2020-09-28 12:56:20 --> syntax error, unexpected ','
#0 C:\xampp\htdocs\cisunmoontechtest\system\Autoloader\Autoloader.php(296): CodeIgniter\Autoloader\Autoloader->requireFile('C:\\xampp\\htdocs...')
#1 C:\xampp\htdocs\cisunmoontechtest\system\Autoloader\Autoloader.php(258): CodeIgniter\Autoloader\Autoloader->loadInNamespace('App\\Controllers...')
#2 [internal function]: CodeIgniter\Autoloader\Autoloader->loadClass('App\\Controllers...')
#3 [internal function]: spl_autoload_call('App\\Controllers...')
#4 C:\xampp\htdocs\cisunmoontechtest\system\CodeIgniter.php(869): class_exists('\\App\\Controller...', true)
#5 C:\xampp\htdocs\cisunmoontechtest\system\CodeIgniter.php(394): CodeIgniter\CodeIgniter->startController()
#6 C:\xampp\htdocs\cisunmoontechtest\system\CodeIgniter.php(312): CodeIgniter\CodeIgniter->handleRequest(NULL, Object(Config\Cache), false)
#7 C:\xampp\htdocs\cisunmoontechtest\public\index.php(45): CodeIgniter\CodeIgniter->run()
#8 {main}
CRITICAL - 2020-09-28 13:13:30 --> syntax error, unexpected 'if' (T_IF)
#0 C:\xampp\htdocs\cisunmoontechtest\system\Common.php(1119): CodeIgniter\View\View->render('welcome_message', Array, true)
#1 C:\xampp\htdocs\cisunmoontechtest\app\Controllers\Home.php(29): view('welcome_message')
#2 C:\xampp\htdocs\cisunmoontechtest\system\CodeIgniter.php(918): App\Controllers\Home->register()
#3 C:\xampp\htdocs\cisunmoontechtest\system\CodeIgniter.php(404): CodeIgniter\CodeIgniter->runController(Object(App\Controllers\Home))
#4 C:\xampp\htdocs\cisunmoontechtest\system\CodeIgniter.php(312): CodeIgniter\CodeIgniter->handleRequest(NULL, Object(Config\Cache), false)
#5 C:\xampp\htdocs\cisunmoontechtest\public\index.php(45): CodeIgniter\CodeIgniter->run()
#6 {main}
CRITICAL - 2020-09-28 13:13:43 --> syntax error, unexpected 'if' (T_IF)
#0 C:\xampp\htdocs\cisunmoontechtest\system\Common.php(1119): CodeIgniter\View\View->render('welcome_message', Array, true)
#1 C:\xampp\htdocs\cisunmoontechtest\app\Controllers\Home.php(29): view('welcome_message')
#2 C:\xampp\htdocs\cisunmoontechtest\system\CodeIgniter.php(918): App\Controllers\Home->register()
#3 C:\xampp\htdocs\cisunmoontechtest\system\CodeIgniter.php(404): CodeIgniter\CodeIgniter->runController(Object(App\Controllers\Home))
#4 C:\xampp\htdocs\cisunmoontechtest\system\CodeIgniter.php(312): CodeIgniter\CodeIgniter->handleRequest(NULL, Object(Config\Cache), false)
#5 C:\xampp\htdocs\cisunmoontechtest\public\index.php(45): CodeIgniter\CodeIgniter->run()
#6 {main}
CRITICAL - 2020-09-28 13:26:17 --> Call to undefined method CodeIgniter\Validation\Validation::Errors()
#0 C:\xampp\htdocs\cisunmoontechtest\system\View\View.php(246): include()
#1 C:\xampp\htdocs\cisunmoontechtest\system\Common.php(1119): CodeIgniter\View\View->render('welcome_message', Array, true)
#2 C:\xampp\htdocs\cisunmoontechtest\app\Controllers\Home.php(31): view('welcome_message', Array)
#3 C:\xampp\htdocs\cisunmoontechtest\system\CodeIgniter.php(918): App\Controllers\Home->register()
#4 C:\xampp\htdocs\cisunmoontechtest\system\CodeIgniter.php(404): CodeIgniter\CodeIgniter->runController(Object(App\Controllers\Home))
#5 C:\xampp\htdocs\cisunmoontechtest\system\CodeIgniter.php(312): CodeIgniter\CodeIgniter->handleRequest(NULL, Object(Config\Cache), false)
#6 C:\xampp\htdocs\cisunmoontechtest\public\index.php(45): CodeIgniter\CodeIgniter->run()
#7 {main}
CRITICAL - 2020-09-28 13:26:29 --> Call to undefined method CodeIgniter\Validation\Validation::Error()
#0 C:\xampp\htdocs\cisunmoontechtest\system\View\View.php(246): include()
#1 C:\xampp\htdocs\cisunmoontechtest\system\Common.php(1119): CodeIgniter\View\View->render('welcome_message', Array, true)
#2 C:\xampp\htdocs\cisunmoontechtest\app\Controllers\Home.php(31): view('welcome_message', Array)
#3 C:\xampp\htdocs\cisunmoontechtest\system\CodeIgniter.php(918): App\Controllers\Home->register()
#4 C:\xampp\htdocs\cisunmoontechtest\system\CodeIgniter.php(404): CodeIgniter\CodeIgniter->runController(Object(App\Controllers\Home))
#5 C:\xampp\htdocs\cisunmoontechtest\system\CodeIgniter.php(312): CodeIgniter\CodeIgniter->handleRequest(NULL, Object(Config\Cache), false)
#6 C:\xampp\htdocs\cisunmoontechtest\public\index.php(45): CodeIgniter\CodeIgniter->run()
#7 {main}
CRITICAL - 2020-09-28 13:26:40 --> Call to undefined method CodeIgniter\Validation\Validation::error()
#0 C:\xampp\htdocs\cisunmoontechtest\system\View\View.php(246): include()
#1 C:\xampp\htdocs\cisunmoontechtest\system\Common.php(1119): CodeIgniter\View\View->render('welcome_message', Array, true)
#2 C:\xampp\htdocs\cisunmoontechtest\app\Controllers\Home.php(31): view('welcome_message', Array)
#3 C:\xampp\htdocs\cisunmoontechtest\system\CodeIgniter.php(918): App\Controllers\Home->register()
#4 C:\xampp\htdocs\cisunmoontechtest\system\CodeIgniter.php(404): CodeIgniter\CodeIgniter->runController(Object(App\Controllers\Home))
#5 C:\xampp\htdocs\cisunmoontechtest\system\CodeIgniter.php(312): CodeIgniter\CodeIgniter->handleRequest(NULL, Object(Config\Cache), false)
#6 C:\xampp\htdocs\cisunmoontechtest\public\index.php(45): CodeIgniter\CodeIgniter->run()
#7 {main}
CRITICAL - 2020-09-28 13:27:39 --> unlink(C:\xampp\htdocs\cisunmoontechtest\writable\debugbar/debugbar_1601316902.json): No such file or directory
#0 [internal function]: CodeIgniter\Debug\Exceptions->errorHandler(2, 'unlink(C:\\xampp...', 'C:\\xampp\\htdocs...', 106, Array)
#1 C:\xampp\htdocs\cisunmoontechtest\system\Debug\Toolbar\Collectors\History.php(106): unlink('C:\\xampp\\htdocs...')
#2 C:\xampp\htdocs\cisunmoontechtest\system\Debug\Toolbar.php(483): CodeIgniter\Debug\Toolbar\Collectors\History->setFiles(1601317658, 20)
#3 C:\xampp\htdocs\cisunmoontechtest\system\Debug\Toolbar.php(455): CodeIgniter\Debug\Toolbar->format(Array, 'html')
#4 C:\xampp\htdocs\cisunmoontechtest\app\Config\Events.php(50): CodeIgniter\Debug\Toolbar->respond()
#5 [internal function]: CodeIgniter\Events\Events::Config\{closure}()
#6 C:\xampp\htdocs\cisunmoontechtest\system\Events\Events.php(188): call_user_func(Object(Closure))
#7 C:\xampp\htdocs\cisunmoontechtest\system\CodeIgniter.php(293): CodeIgniter\Events\Events::trigger('pre_system')
#8 C:\xampp\htdocs\cisunmoontechtest\public\index.php(45): CodeIgniter\CodeIgniter->run()
#9 {main}
CRITICAL - 2020-09-28 14:12:17 --> syntax error, unexpected 'return' (T_RETURN)
#0 C:\xampp\htdocs\cisunmoontechtest\system\Autoloader\Autoloader.php(296): CodeIgniter\Autoloader\Autoloader->requireFile('C:\\xampp\\htdocs...')
#1 C:\xampp\htdocs\cisunmoontechtest\system\Autoloader\Autoloader.php(258): CodeIgniter\Autoloader\Autoloader->loadInNamespace('App\\Controllers...')
#2 [internal function]: CodeIgniter\Autoloader\Autoloader->loadClass('App\\Controllers...')
#3 [internal function]: spl_autoload_call('App\\Controllers...')
#4 C:\xampp\htdocs\cisunmoontechtest\system\CodeIgniter.php(869): class_exists('\\App\\Controller...', true)
#5 C:\xampp\htdocs\cisunmoontechtest\system\CodeIgniter.php(394): CodeIgniter\CodeIgniter->startController()
#6 C:\xampp\htdocs\cisunmoontechtest\system\CodeIgniter.php(312): CodeIgniter\CodeIgniter->handleRequest(NULL, Object(Config\Cache), false)
#7 C:\xampp\htdocs\cisunmoontechtest\public\index.php(45): CodeIgniter\CodeIgniter->run()
#8 {main}
CRITICAL - 2020-09-28 14:14:14 --> Cannot redeclare App\Models\Authuser::$table
#0 [internal function]: CodeIgniter\Debug\Exceptions->shutdownHandler()
#1 {main}
CRITICAL - 2020-09-28 14:15:32 --> Class 'Codeigniter\Model' not found
#0 C:\xampp\htdocs\cisunmoontechtest\system\Autoloader\Autoloader.php(365): require_once()
#1 C:\xampp\htdocs\cisunmoontechtest\system\Autoloader\Autoloader.php(296): CodeIgniter\Autoloader\Autoloader->requireFile('C:\\xampp\\htdocs...')
#2 C:\xampp\htdocs\cisunmoontechtest\system\Autoloader\Autoloader.php(258): CodeIgniter\Autoloader\Autoloader->loadInNamespace('App\\Models\\Auth...')
#3 [internal function]: CodeIgniter\Autoloader\Autoloader->loadClass('App\\Models\\Auth...')
#4 C:\xampp\htdocs\cisunmoontechtest\app\Controllers\Home.php(29): spl_autoload_call('App\\Models\\Auth...')
#5 C:\xampp\htdocs\cisunmoontechtest\system\CodeIgniter.php(918): App\Controllers\Home->register()
#6 C:\xampp\htdocs\cisunmoontechtest\system\CodeIgniter.php(404): CodeIgniter\CodeIgniter->runController(Object(App\Controllers\Home))
#7 C:\xampp\htdocs\cisunmoontechtest\system\CodeIgniter.php(312): CodeIgniter\CodeIgniter->handleRequest(NULL, Object(Config\Cache), false)
#8 C:\xampp\htdocs\cisunmoontechtest\public\index.php(45): CodeIgniter\CodeIgniter->run()
#9 {main}
CRITICAL - 2020-09-28 14:38:56 --> Class 'app\Controllers\BaseController' not found
#0 C:\xampp\htdocs\cisunmoontechtest\system\Autoloader\Autoloader.php(365): require_once()
#1 C:\xampp\htdocs\cisunmoontechtest\system\Autoloader\Autoloader.php(296): CodeIgniter\Autoloader\Autoloader->requireFile('C:\\xampp\\htdocs...')
#2 C:\xampp\htdocs\cisunmoontechtest\system\Autoloader\Autoloader.php(258): CodeIgniter\Autoloader\Autoloader->loadInNamespace('App\\Controllers...')
#3 [internal function]: CodeIgniter\Autoloader\Autoloader->loadClass('App\\Controllers...')
#4 [internal function]: spl_autoload_call('App\\Controllers...')
#5 C:\xampp\htdocs\cisunmoontechtest\system\CodeIgniter.php(869): class_exists('\\App\\Controller...', true)
#6 C:\xampp\htdocs\cisunmoontechtest\system\CodeIgniter.php(394): CodeIgniter\CodeIgniter->startController()
#7 C:\xampp\htdocs\cisunmoontechtest\system\CodeIgniter.php(312): CodeIgniter\CodeIgniter->handleRequest(NULL, Object(Config\Cache), false)
#8 C:\xampp\htdocs\cisunmoontechtest\public\index.php(45): CodeIgniter\CodeIgniter->run()
#9 {main}
CRITICAL - 2020-09-28 14:38:58 --> Class 'app\Controllers\BaseController' not found
#0 C:\xampp\htdocs\cisunmoontechtest\system\Autoloader\Autoloader.php(365): require_once()
#1 C:\xampp\htdocs\cisunmoontechtest\system\Autoloader\Autoloader.php(296): CodeIgniter\Autoloader\Autoloader->requireFile('C:\\xampp\\htdocs...')
#2 C:\xampp\htdocs\cisunmoontechtest\system\Autoloader\Autoloader.php(258): CodeIgniter\Autoloader\Autoloader->loadInNamespace('App\\Controllers...')
#3 [internal function]: CodeIgniter\Autoloader\Autoloader->loadClass('App\\Controllers...')
#4 [internal function]: spl_autoload_call('App\\Controllers...')
#5 C:\xampp\htdocs\cisunmoontechtest\system\CodeIgniter.php(869): class_exists('\\App\\Controller...', true)
#6 C:\xampp\htdocs\cisunmoontechtest\system\CodeIgniter.php(394): CodeIgniter\CodeIgniter->startController()
#7 C:\xampp\htdocs\cisunmoontechtest\system\CodeIgniter.php(312): CodeIgniter\CodeIgniter->handleRequest(NULL, Object(Config\Cache), false)
#8 C:\xampp\htdocs\cisunmoontechtest\public\index.php(45): CodeIgniter\CodeIgniter->run()
#9 {main}
CRITICAL - 2020-09-28 14:51:35 --> syntax error, unexpected ',', expecting function (T_FUNCTION) or const (T_CONST)
#0 C:\xampp\htdocs\cisunmoontechtest\system\Autoloader\Autoloader.php(296): CodeIgniter\Autoloader\Autoloader->requireFile('C:\\xampp\\htdocs...')
#1 C:\xampp\htdocs\cisunmoontechtest\system\Autoloader\Autoloader.php(258): CodeIgniter\Autoloader\Autoloader->loadInNamespace('App\\Models\\Auth...')
#2 [internal function]: CodeIgniter\Autoloader\Autoloader->loadClass('App\\Models\\Auth...')
#3 C:\xampp\htdocs\cisunmoontechtest\app\Controllers\Home.php(30): spl_autoload_call('App\\Models\\Auth...')
#4 C:\xampp\htdocs\cisunmoontechtest\system\CodeIgniter.php(918): App\Controllers\Home->register()
#5 C:\xampp\htdocs\cisunmoontechtest\system\CodeIgniter.php(404): CodeIgniter\CodeIgniter->runController(Object(App\Controllers\Home))
#6 C:\xampp\htdocs\cisunmoontechtest\system\CodeIgniter.php(312): CodeIgniter\CodeIgniter->handleRequest(NULL, Object(Config\Cache), false)
#7 C:\xampp\htdocs\cisunmoontechtest\public\index.php(45): CodeIgniter\CodeIgniter->run()
#8 {main}
CRITICAL - 2020-09-28 14:51:53 --> syntax error, unexpected ',', expecting function (T_FUNCTION) or const (T_CONST)
#0 C:\xampp\htdocs\cisunmoontechtest\system\Autoloader\Autoloader.php(296): CodeIgniter\Autoloader\Autoloader->requireFile('C:\\xampp\\htdocs...')
#1 C:\xampp\htdocs\cisunmoontechtest\system\Autoloader\Autoloader.php(258): CodeIgniter\Autoloader\Autoloader->loadInNamespace('App\\Models\\Auth...')
#2 [internal function]: CodeIgniter\Autoloader\Autoloader->loadClass('App\\Models\\Auth...')
#3 C:\xampp\htdocs\cisunmoontechtest\app\Controllers\Home.php(30): spl_autoload_call('App\\Models\\Auth...')
#4 C:\xampp\htdocs\cisunmoontechtest\system\CodeIgniter.php(918): App\Controllers\Home->register()
#5 C:\xampp\htdocs\cisunmoontechtest\system\CodeIgniter.php(404): CodeIgniter\CodeIgniter->runController(Object(App\Controllers\Home))
#6 C:\xampp\htdocs\cisunmoontechtest\system\CodeIgniter.php(312): CodeIgniter\CodeIgniter->handleRequest(NULL, Object(Config\Cache), false)
#7 C:\xampp\htdocs\cisunmoontechtest\public\index.php(45): CodeIgniter\CodeIgniter->run()
#8 {main}
CRITICAL - 2020-09-28 14:52:43 --> syntax error, unexpected end of file, expecting function (T_FUNCTION) or const (T_CONST)
#0 C:\xampp\htdocs\cisunmoontechtest\system\Autoloader\Autoloader.php(296): CodeIgniter\Autoloader\Autoloader->requireFile('C:\\xampp\\htdocs...')
#1 C:\xampp\htdocs\cisunmoontechtest\system\Autoloader\Autoloader.php(258): CodeIgniter\Autoloader\Autoloader->loadInNamespace('App\\Models\\Auth...')
#2 [internal function]: CodeIgniter\Autoloader\Autoloader->loadClass('App\\Models\\Auth...')
#3 C:\xampp\htdocs\cisunmoontechtest\app\Controllers\Home.php(30): spl_autoload_call('App\\Models\\Auth...')
#4 C:\xampp\htdocs\cisunmoontechtest\system\CodeIgniter.php(918): App\Controllers\Home->register()
#5 C:\xampp\htdocs\cisunmoontechtest\system\CodeIgniter.php(404): CodeIgniter\CodeIgniter->runController(Object(App\Controllers\Home))
#6 C:\xampp\htdocs\cisunmoontechtest\system\CodeIgniter.php(312): CodeIgniter\CodeIgniter->handleRequest(NULL, Object(Config\Cache), false)
#7 C:\xampp\htdocs\cisunmoontechtest\public\index.php(45): CodeIgniter\CodeIgniter->run()
#8 {main}
CRITICAL - 2020-09-28 21:05:33 --> validateUser is not a valid rule.
#0 C:\xampp\htdocs\cisunmoontechtest\system\Validation\Validation.php(333): CodeIgniter\Validation\Exceptions\ValidationException::forRuleNotFound('validateUser')
#1 C:\xampp\htdocs\cisunmoontechtest\system\Validation\Validation.php(189): CodeIgniter\Validation\Validation->processRules('password', 'password', 'sdsd', Array, Array)
#2 C:\xampp\htdocs\cisunmoontechtest\system\Controller.php(219): CodeIgniter\Validation\Validation->run()
#3 C:\xampp\htdocs\cisunmoontechtest\app\Controllers\Home.php(21): CodeIgniter\Controller->validate(Array, Array)
#4 C:\xampp\htdocs\cisunmoontechtest\system\CodeIgniter.php(918): App\Controllers\Home->index()
#5 C:\xampp\htdocs\cisunmoontechtest\system\CodeIgniter.php(404): CodeIgniter\CodeIgniter->runController(Object(App\Controllers\Home))
#6 C:\xampp\htdocs\cisunmoontechtest\system\CodeIgniter.php(312): CodeIgniter\CodeIgniter->handleRequest(NULL, Object(Config\Cache), false)
#7 C:\xampp\htdocs\cisunmoontechtest\public\index.php(45): CodeIgniter\CodeIgniter->run()
#8 {main}
CRITICAL - 2020-09-28 21:07:15 --> validateUser is not a valid rule.
#0 C:\xampp\htdocs\cisunmoontechtest\system\Validation\Validation.php(333): CodeIgniter\Validation\Exceptions\ValidationException::forRuleNotFound('validateUser')
#1 C:\xampp\htdocs\cisunmoontechtest\system\Validation\Validation.php(189): CodeIgniter\Validation\Validation->processRules('password', 'password', 'sdd', Array, Array)
#2 C:\xampp\htdocs\cisunmoontechtest\system\Controller.php(219): CodeIgniter\Validation\Validation->run()
#3 C:\xampp\htdocs\cisunmoontechtest\app\Controllers\Home.php(23): CodeIgniter\Controller->validate(Array, Array)
#4 C:\xampp\htdocs\cisunmoontechtest\system\CodeIgniter.php(918): App\Controllers\Home->index()
#5 C:\xampp\htdocs\cisunmoontechtest\system\CodeIgniter.php(404): CodeIgniter\CodeIgniter->runController(Object(App\Controllers\Home))
#6 C:\xampp\htdocs\cisunmoontechtest\system\CodeIgniter.php(312): CodeIgniter\CodeIgniter->handleRequest(NULL, Object(Config\Cache), false)
#7 C:\xampp\htdocs\cisunmoontechtest\public\index.php(45): CodeIgniter\CodeIgniter->run()
#8 {main}
